<component name="libraryTable">
  <library name="junit-3.8">
    <CLASSES>
      <root url="jar://$USER_HOME$/Downloads/junit-3.8.jar!/" />
    </CLASSES>
    <JAVADOC />
    <SOURCES />
  </library>
</component>